<?xml version="1.0" encoding="utf-8" standalone="no"?>
<!--This file represents the results of running a test suite-->
<test-results name="/Users/markbrown/exercism/csharp/leap/output/tests.dll" total="1" errors="0" failures="0" not-run="3" inconclusive="0" ignored="3" skipped="0" invalid="0" date="2015-04-09" time="16:46:38">
  <environment nunit-version="2.6.4.14350" clr-version="2.0.50727.1433" os-version="Unix 14.1.0.0" platform="Unix" cwd="/Users/markbrown/exercism/csharp/leap" machine-name="Marks-MacBook-Pro.local" user="markbrown" user-domain="Marks-MacBook-Pro.local" />
  <culture-info current-culture="en-US" current-uiculture="en-US" />
  <test-suite type="Assembly" name="/Users/markbrown/exercism/csharp/leap/output/tests.dll" executed="True" result="Success" success="True" time="0.025" asserts="0">
    <results>
      <test-suite type="TestFixture" name="LeapTest" executed="True" result="Success" success="True" time="0.021" asserts="0">
        <results>
          <test-case name="LeapTest.Invalid_leap_year" executed="False" result="Ignored">
            <reason>
              <message><![CDATA[]]></message>
            </reason>
          </test-case>
          <test-case name="LeapTest.Turn_of_the_20th_century_is_not_a_leap_year" executed="False" result="Ignored">
            <reason>
              <message><![CDATA[]]></message>
            </reason>
          </test-case>
          <test-case name="LeapTest.Turn_of_the_25th_century_is_a_leap_year" executed="False" result="Ignored">
            <reason>
              <message><![CDATA[]]></message>
            </reason>
          </test-case>
          <test-case name="LeapTest.Valid_leap_year" executed="True" result="Success" success="True" time="0.006" asserts="1" />
        </results>
      </test-suite>
    </results>
  </test-suite>
</test-results>